mode: set
github.com/helton/shantilly/internal/components/checkbox.go:27.86,28.37 1 1
github.com/helton/shantilly/internal/components/checkbox.go:28.37,30.3 1 0
github.com/helton/shantilly/internal/components/checkbox.go:32.2,41.24 2 1
github.com/helton/shantilly/internal/components/checkbox.go:41.24,42.48 1 0
github.com/helton/shantilly/internal/components/checkbox.go:42.48,45.4 2 0
github.com/helton/shantilly/internal/components/checkbox.go:48.2,48.15 1 1
github.com/helton/shantilly/internal/components/checkbox.go:52.35,54.2 1 0
github.com/helton/shantilly/internal/components/checkbox.go:57.61,58.16 1 0
github.com/helton/shantilly/internal/components/checkbox.go:58.16,60.3 1 0
github.com/helton/shantilly/internal/components/checkbox.go:62.2,62.27 1 0
github.com/helton/shantilly/internal/components/checkbox.go:64.18,65.23 1 0
github.com/helton/shantilly/internal/components/checkbox.go:66.30,68.19 2 0
github.com/helton/shantilly/internal/components/checkbox.go:72.2,72.15 1 0
github.com/helton/shantilly/internal/components/checkbox.go:76.34,81.15 3 1
github.com/helton/shantilly/internal/components/checkbox.go:81.15,83.3 1 0
github.com/helton/shantilly/internal/components/checkbox.go:83.8,85.3 1 1
github.com/helton/shantilly/internal/components/checkbox.go:88.2,92.22 3 1
github.com/helton/shantilly/internal/components/checkbox.go:92.22,95.3 2 0
github.com/helton/shantilly/internal/components/checkbox.go:98.2,98.38 1 1
github.com/helton/shantilly/internal/components/checkbox.go:98.38,101.3 2 0
github.com/helton/shantilly/internal/components/checkbox.go:103.2,103.19 1 1
github.com/helton/shantilly/internal/components/checkbox.go:107.34,109.2 1 1
github.com/helton/shantilly/internal/components/checkbox.go:112.36,114.2 1 0
github.com/helton/shantilly/internal/components/checkbox.go:117.43,119.2 1 0
github.com/helton/shantilly/internal/components/checkbox.go:122.35,124.30 1 1
github.com/helton/shantilly/internal/components/checkbox.go:124.30,127.3 2 0
github.com/helton/shantilly/internal/components/checkbox.go:129.2,130.13 2 1
github.com/helton/shantilly/internal/components/checkbox.go:134.38,136.2 1 0
github.com/helton/shantilly/internal/components/checkbox.go:139.41,141.2 1 0
github.com/helton/shantilly/internal/components/checkbox.go:144.40,146.2 1 1
github.com/helton/shantilly/internal/components/checkbox.go:149.54,151.9 2 1
github.com/helton/shantilly/internal/components/checkbox.go:151.9,153.3 1 0
github.com/helton/shantilly/internal/components/checkbox.go:155.2,156.12 2 1
github.com/helton/shantilly/internal/components/checkbox.go:160.28,164.2 3 0
github.com/helton/shantilly/internal/components/factory.go:12.87,13.39 1 1
github.com/helton/shantilly/internal/components/factory.go:13.39,15.3 1 0
github.com/helton/shantilly/internal/components/factory.go:17.2,17.18 1 1
github.com/helton/shantilly/internal/components/factory.go:18.28,19.34 1 1
github.com/helton/shantilly/internal/components/factory.go:20.27,21.33 1 0
github.com/helton/shantilly/internal/components/factory.go:22.27,23.33 1 1
github.com/helton/shantilly/internal/components/factory.go:24.29,25.35 1 0
github.com/helton/shantilly/internal/components/factory.go:26.25,27.31 1 1
github.com/helton/shantilly/internal/components/factory.go:28.23,29.34 1 1
github.com/helton/shantilly/internal/components/factory.go:30.10,31.76 1 0
github.com/helton/shantilly/internal/components/factory.go:37.96,40.30 2 1
github.com/helton/shantilly/internal/components/factory.go:40.30,42.17 2 1
github.com/helton/shantilly/internal/components/factory.go:42.17,44.4 1 0
github.com/helton/shantilly/internal/components/factory.go:45.3,45.40 1 1
github.com/helton/shantilly/internal/components/factory.go:48.2,48.24 1 1
github.com/helton/shantilly/internal/components/radiogroup.go:34.90,35.39 1 0
github.com/helton/shantilly/internal/components/radiogroup.go:35.39,37.3 1 0
github.com/helton/shantilly/internal/components/radiogroup.go:40.2,41.24 2 0
github.com/helton/shantilly/internal/components/radiogroup.go:41.24,42.64 1 0
github.com/helton/shantilly/internal/components/radiogroup.go:42.64,43.35 1 0
github.com/helton/shantilly/internal/components/radiogroup.go:43.35,44.57 1 0
github.com/helton/shantilly/internal/components/radiogroup.go:44.57,47.33 3 0
github.com/helton/shantilly/internal/components/radiogroup.go:47.33,49.7 1 0
github.com/helton/shantilly/internal/components/radiogroup.go:55.2,55.21 1 0
github.com/helton/shantilly/internal/components/radiogroup.go:55.21,57.3 1 0
github.com/helton/shantilly/internal/components/radiogroup.go:59.2,72.24 2 0
github.com/helton/shantilly/internal/components/radiogroup.go:72.24,73.48 1 0
github.com/helton/shantilly/internal/components/radiogroup.go:73.48,74.31 1 0
github.com/helton/shantilly/internal/components/radiogroup.go:74.31,75.29 1 0
github.com/helton/shantilly/internal/components/radiogroup.go:75.29,78.11 3 0
github.com/helton/shantilly/internal/components/radiogroup.go:84.2,84.16 1 0
github.com/helton/shantilly/internal/components/radiogroup.go:88.38,90.2 1 0
github.com/helton/shantilly/internal/components/radiogroup.go:93.64,94.17 1 0
github.com/helton/shantilly/internal/components/radiogroup.go:94.17,96.3 1 0
github.com/helton/shantilly/internal/components/radiogroup.go:98.2,98.27 1 0
github.com/helton/shantilly/internal/components/radiogroup.go:99.23,100.19 1 0
github.com/helton/shantilly/internal/components/radiogroup.go:101.23,102.21 1 0
github.com/helton/shantilly/internal/components/radiogroup.go:102.21,104.5 1 0
github.com/helton/shantilly/internal/components/radiogroup.go:105.25,106.35 1 0
github.com/helton/shantilly/internal/components/radiogroup.go:106.35,108.5 1 0
github.com/helton/shantilly/internal/components/radiogroup.go:109.35,111.20 2 0
github.com/helton/shantilly/internal/components/radiogroup.go:115.2,115.16 1 0
github.com/helton/shantilly/internal/components/radiogroup.go:119.37,123.20 2 0
github.com/helton/shantilly/internal/components/radiogroup.go:123.20,125.24 2 0
github.com/helton/shantilly/internal/components/radiogroup.go:125.24,127.4 1 0
github.com/helton/shantilly/internal/components/radiogroup.go:128.3,129.22 2 0
github.com/helton/shantilly/internal/components/radiogroup.go:133.2,133.32 1 0
github.com/helton/shantilly/internal/components/radiogroup.go:133.32,138.23 3 0
github.com/helton/shantilly/internal/components/radiogroup.go:138.23,140.4 1 0
github.com/helton/shantilly/internal/components/radiogroup.go:140.9,142.4 1 0
github.com/helton/shantilly/internal/components/radiogroup.go:144.3,147.35 2 0
github.com/helton/shantilly/internal/components/radiogroup.go:147.35,149.4 1 0
github.com/helton/shantilly/internal/components/radiogroup.go:149.9,149.30 1 0
github.com/helton/shantilly/internal/components/radiogroup.go:149.30,151.4 1 0
github.com/helton/shantilly/internal/components/radiogroup.go:151.9,153.4 1 0
github.com/helton/shantilly/internal/components/radiogroup.go:155.3,156.26 2 0
github.com/helton/shantilly/internal/components/radiogroup.go:156.26,158.4 1 0
github.com/helton/shantilly/internal/components/radiogroup.go:162.2,162.23 1 0
github.com/helton/shantilly/internal/components/radiogroup.go:162.23,165.3 2 0
github.com/helton/shantilly/internal/components/radiogroup.go:168.2,168.40 1 0
github.com/helton/shantilly/internal/components/radiogroup.go:168.40,171.3 2 0
github.com/helton/shantilly/internal/components/radiogroup.go:173.2,173.19 1 0
github.com/helton/shantilly/internal/components/radiogroup.go:177.37,179.2 1 0
github.com/helton/shantilly/internal/components/radiogroup.go:182.39,184.2 1 0
github.com/helton/shantilly/internal/components/radiogroup.go:187.46,189.2 1 0
github.com/helton/shantilly/internal/components/radiogroup.go:192.38,194.38 1 0
github.com/helton/shantilly/internal/components/radiogroup.go:194.38,197.3 2 0
github.com/helton/shantilly/internal/components/radiogroup.go:199.2,200.13 2 0
github.com/helton/shantilly/internal/components/radiogroup.go:204.41,206.2 1 0
github.com/helton/shantilly/internal/components/radiogroup.go:209.44,211.2 1 0
github.com/helton/shantilly/internal/components/radiogroup.go:215.43,216.23 1 0
github.com/helton/shantilly/internal/components/radiogroup.go:216.23,218.3 1 0
github.com/helton/shantilly/internal/components/radiogroup.go:219.2,219.33 1 0
github.com/helton/shantilly/internal/components/radiogroup.go:223.57,225.9 2 0
github.com/helton/shantilly/internal/components/radiogroup.go:225.9,227.3 1 0
github.com/helton/shantilly/internal/components/radiogroup.go:230.2,230.32 1 0
github.com/helton/shantilly/internal/components/radiogroup.go:230.32,231.25 1 0
github.com/helton/shantilly/internal/components/radiogroup.go:231.25,235.4 3 0
github.com/helton/shantilly/internal/components/radiogroup.go:238.2,238.54 1 0
github.com/helton/shantilly/internal/components/radiogroup.go:242.31,245.27 3 0
github.com/helton/shantilly/internal/components/radiogroup.go:245.27,247.3 1 0
github.com/helton/shantilly/internal/components/radiogroup.go:248.2,249.20 2 0
github.com/helton/shantilly/internal/components/slider.go:31.82,32.35 1 1
github.com/helton/shantilly/internal/components/slider.go:32.35,34.3 1 0
github.com/helton/shantilly/internal/components/slider.go:36.2,49.24 2 1
github.com/helton/shantilly/internal/components/slider.go:49.24,50.50 1 1
github.com/helton/shantilly/internal/components/slider.go:50.50,52.4 1 1
github.com/helton/shantilly/internal/components/slider.go:52.9,52.56 1 0
github.com/helton/shantilly/internal/components/slider.go:52.56,54.4 1 0
github.com/helton/shantilly/internal/components/slider.go:56.3,56.50 1 1
github.com/helton/shantilly/internal/components/slider.go:56.50,58.4 1 1
github.com/helton/shantilly/internal/components/slider.go:58.9,58.56 1 0
github.com/helton/shantilly/internal/components/slider.go:58.56,60.4 1 0
github.com/helton/shantilly/internal/components/slider.go:62.3,62.52 1 1
github.com/helton/shantilly/internal/components/slider.go:62.52,64.4 1 0
github.com/helton/shantilly/internal/components/slider.go:64.9,64.58 1 1
github.com/helton/shantilly/internal/components/slider.go:64.58,66.4 1 0
github.com/helton/shantilly/internal/components/slider.go:68.3,68.50 1 1
github.com/helton/shantilly/internal/components/slider.go:68.50,70.4 1 0
github.com/helton/shantilly/internal/components/slider.go:74.2,74.20 1 1
github.com/helton/shantilly/internal/components/slider.go:74.20,76.3 1 0
github.com/helton/shantilly/internal/components/slider.go:79.2,82.24 3 1
github.com/helton/shantilly/internal/components/slider.go:82.24,83.52 1 0
github.com/helton/shantilly/internal/components/slider.go:83.52,84.54 1 0
github.com/helton/shantilly/internal/components/slider.go:84.54,87.5 2 0
github.com/helton/shantilly/internal/components/slider.go:88.9,88.53 1 0
github.com/helton/shantilly/internal/components/slider.go:88.53,90.54 2 0
github.com/helton/shantilly/internal/components/slider.go:90.54,93.5 2 0
github.com/helton/shantilly/internal/components/slider.go:97.2,97.15 1 1
github.com/helton/shantilly/internal/components/slider.go:101.33,103.2 1 0
github.com/helton/shantilly/internal/components/slider.go:106.59,107.16 1 0
github.com/helton/shantilly/internal/components/slider.go:107.16,109.3 1 0
github.com/helton/shantilly/internal/components/slider.go:111.2,111.27 1 0
github.com/helton/shantilly/internal/components/slider.go:112.23,113.19 1 0
github.com/helton/shantilly/internal/components/slider.go:114.25,116.23 2 0
github.com/helton/shantilly/internal/components/slider.go:116.23,118.5 1 0
github.com/helton/shantilly/internal/components/slider.go:119.4,119.19 1 0
github.com/helton/shantilly/internal/components/slider.go:120.26,122.23 2 0
github.com/helton/shantilly/internal/components/slider.go:122.23,124.5 1 0
github.com/helton/shantilly/internal/components/slider.go:125.4,125.19 1 0
github.com/helton/shantilly/internal/components/slider.go:126.20,128.19 2 0
github.com/helton/shantilly/internal/components/slider.go:129.19,131.19 2 0
github.com/helton/shantilly/internal/components/slider.go:135.2,135.15 1 0
github.com/helton/shantilly/internal/components/slider.go:139.32,143.19 2 0
github.com/helton/shantilly/internal/components/slider.go:143.19,145.23 2 0
github.com/helton/shantilly/internal/components/slider.go:145.23,147.4 1 0
github.com/helton/shantilly/internal/components/slider.go:148.3,149.22 2 0
github.com/helton/shantilly/internal/components/slider.go:153.2,155.21 3 0
github.com/helton/shantilly/internal/components/slider.go:155.21,157.3 1 0
github.com/helton/shantilly/internal/components/slider.go:158.2,158.27 1 0
github.com/helton/shantilly/internal/components/slider.go:158.27,160.3 1 0
github.com/helton/shantilly/internal/components/slider.go:163.2,180.22 10 0
github.com/helton/shantilly/internal/components/slider.go:180.22,183.3 2 0
github.com/helton/shantilly/internal/components/slider.go:186.2,186.38 1 0
github.com/helton/shantilly/internal/components/slider.go:186.38,189.3 2 0
github.com/helton/shantilly/internal/components/slider.go:191.2,191.19 1 0
github.com/helton/shantilly/internal/components/slider.go:195.32,197.2 1 1
github.com/helton/shantilly/internal/components/slider.go:200.34,202.2 1 0
github.com/helton/shantilly/internal/components/slider.go:205.41,207.2 1 0
github.com/helton/shantilly/internal/components/slider.go:210.33,214.2 2 0
github.com/helton/shantilly/internal/components/slider.go:217.36,219.2 1 0
github.com/helton/shantilly/internal/components/slider.go:222.39,224.2 1 0
github.com/helton/shantilly/internal/components/slider.go:227.38,229.2 1 1
github.com/helton/shantilly/internal/components/slider.go:232.52,235.27 2 1
github.com/helton/shantilly/internal/components/slider.go:236.15,237.17 1 1
github.com/helton/shantilly/internal/components/slider.go:238.11,239.26 1 0
github.com/helton/shantilly/internal/components/slider.go:240.13,241.26 1 0
github.com/helton/shantilly/internal/components/slider.go:242.10,243.77 1 0
github.com/helton/shantilly/internal/components/slider.go:246.2,246.46 1 1
github.com/helton/shantilly/internal/components/slider.go:246.46,248.3 1 0
github.com/helton/shantilly/internal/components/slider.go:250.2,251.12 2 1
github.com/helton/shantilly/internal/components/slider.go:255.26,259.2 3 0
github.com/helton/shantilly/internal/components/slider.go:262.45,264.2 1 0
github.com/helton/shantilly/internal/components/textarea.go:32.86,33.37 1 0
github.com/helton/shantilly/internal/components/textarea.go:33.37,35.3 1 0
github.com/helton/shantilly/internal/components/textarea.go:38.2,44.24 5 0
github.com/helton/shantilly/internal/components/textarea.go:44.24,45.49 1 0
github.com/helton/shantilly/internal/components/textarea.go:45.49,47.4 1 0
github.com/helton/shantilly/internal/components/textarea.go:50.2,61.24 2 0
github.com/helton/shantilly/internal/components/textarea.go:61.24,62.56 1 0
github.com/helton/shantilly/internal/components/textarea.go:62.56,64.4 1 0
github.com/helton/shantilly/internal/components/textarea.go:65.3,65.56 1 0
github.com/helton/shantilly/internal/components/textarea.go:65.56,68.4 2 0
github.com/helton/shantilly/internal/components/textarea.go:69.3,69.52 1 0
github.com/helton/shantilly/internal/components/textarea.go:69.52,71.4 1 0
github.com/helton/shantilly/internal/components/textarea.go:71.9,73.4 1 0
github.com/helton/shantilly/internal/components/textarea.go:74.3,74.50 1 0
github.com/helton/shantilly/internal/components/textarea.go:74.50,76.4 1 0
github.com/helton/shantilly/internal/components/textarea.go:76.9,78.4 1 0
github.com/helton/shantilly/internal/components/textarea.go:81.2,81.15 1 0
github.com/helton/shantilly/internal/components/textarea.go:85.35,87.2 1 0
github.com/helton/shantilly/internal/components/textarea.go:90.61,94.46 2 0
github.com/helton/shantilly/internal/components/textarea.go:94.46,97.20 2 0
github.com/helton/shantilly/internal/components/textarea.go:97.20,99.4 1 0
github.com/helton/shantilly/internal/components/textarea.go:100.3,100.29 1 0
github.com/helton/shantilly/internal/components/textarea.go:104.2,104.15 1 0
github.com/helton/shantilly/internal/components/textarea.go:104.15,107.41 2 0
github.com/helton/shantilly/internal/components/textarea.go:107.41,109.4 1 0
github.com/helton/shantilly/internal/components/textarea.go:112.2,112.15 1 0
github.com/helton/shantilly/internal/components/textarea.go:116.34,120.19 2 0
github.com/helton/shantilly/internal/components/textarea.go:120.19,122.23 2 0
github.com/helton/shantilly/internal/components/textarea.go:122.23,124.4 1 0
github.com/helton/shantilly/internal/components/textarea.go:125.3,126.22 2 0
github.com/helton/shantilly/internal/components/textarea.go:130.2,133.22 2 0
github.com/helton/shantilly/internal/components/textarea.go:133.22,136.3 2 0
github.com/helton/shantilly/internal/components/textarea.go:139.2,139.38 1 0
github.com/helton/shantilly/internal/components/textarea.go:139.38,142.3 2 0
github.com/helton/shantilly/internal/components/textarea.go:144.2,144.19 1 0
github.com/helton/shantilly/internal/components/textarea.go:148.34,150.2 1 0
github.com/helton/shantilly/internal/components/textarea.go:153.36,155.2 1 0
github.com/helton/shantilly/internal/components/textarea.go:158.43,160.13 2 0
github.com/helton/shantilly/internal/components/textarea.go:160.13,162.3 1 0
github.com/helton/shantilly/internal/components/textarea.go:162.8,164.3 1 0
github.com/helton/shantilly/internal/components/textarea.go:168.35,172.50 2 0
github.com/helton/shantilly/internal/components/textarea.go:172.50,175.3 2 0
github.com/helton/shantilly/internal/components/textarea.go:178.2,178.17 1 0
github.com/helton/shantilly/internal/components/textarea.go:178.17,181.3 2 0
github.com/helton/shantilly/internal/components/textarea.go:184.2,184.49 1 0
github.com/helton/shantilly/internal/components/textarea.go:184.49,187.3 2 0
github.com/helton/shantilly/internal/components/textarea.go:190.2,190.49 1 0
github.com/helton/shantilly/internal/components/textarea.go:190.49,193.3 2 0
github.com/helton/shantilly/internal/components/textarea.go:195.2,196.13 2 0
github.com/helton/shantilly/internal/components/textarea.go:200.38,202.2 1 0
github.com/helton/shantilly/internal/components/textarea.go:205.41,207.2 1 0
github.com/helton/shantilly/internal/components/textarea.go:210.40,212.2 1 0
github.com/helton/shantilly/internal/components/textarea.go:215.54,217.9 2 0
github.com/helton/shantilly/internal/components/textarea.go:217.9,219.3 1 0
github.com/helton/shantilly/internal/components/textarea.go:221.2,222.12 2 0
github.com/helton/shantilly/internal/components/textarea.go:226.28,231.2 4 0
github.com/helton/shantilly/internal/components/textinput.go:35.88,36.38 1 1
github.com/helton/shantilly/internal/components/textinput.go:36.38,38.3 1 0
github.com/helton/shantilly/internal/components/textinput.go:41.2,46.24 4 1
github.com/helton/shantilly/internal/components/textinput.go:46.24,47.49 1 0
github.com/helton/shantilly/internal/components/textinput.go:47.49,49.4 1 0
github.com/helton/shantilly/internal/components/textinput.go:52.2,63.24 2 1
github.com/helton/shantilly/internal/components/textinput.go:63.24,64.56 1 0
github.com/helton/shantilly/internal/components/textinput.go:64.56,66.4 1 0
github.com/helton/shantilly/internal/components/textinput.go:67.3,67.56 1 0
github.com/helton/shantilly/internal/components/textinput.go:67.56,70.4 2 0
github.com/helton/shantilly/internal/components/textinput.go:71.3,71.60 1 0
github.com/helton/shantilly/internal/components/textinput.go:71.60,73.18 2 0
github.com/helton/shantilly/internal/components/textinput.go:73.18,75.5 1 0
github.com/helton/shantilly/internal/components/textinput.go:76.4,76.23 1 0
github.com/helton/shantilly/internal/components/textinput.go:80.2,80.15 1 1
github.com/helton/shantilly/internal/components/textinput.go:84.36,86.2 1 0
github.com/helton/shantilly/internal/components/textinput.go:89.62,93.15 2 1
github.com/helton/shantilly/internal/components/textinput.go:93.15,96.36 2 1
github.com/helton/shantilly/internal/components/textinput.go:96.36,98.4 1 1
github.com/helton/shantilly/internal/components/textinput.go:101.2,101.15 1 1
github.com/helton/shantilly/internal/components/textinput.go:105.35,109.19 2 1
github.com/helton/shantilly/internal/components/textinput.go:109.19,111.23 2 1
github.com/helton/shantilly/internal/components/textinput.go:111.23,113.4 1 0
github.com/helton/shantilly/internal/components/textinput.go:114.3,115.22 2 1
github.com/helton/shantilly/internal/components/textinput.go:119.2,122.22 2 1
github.com/helton/shantilly/internal/components/textinput.go:122.22,125.3 2 0
github.com/helton/shantilly/internal/components/textinput.go:128.2,128.38 1 1
github.com/helton/shantilly/internal/components/textinput.go:128.38,131.3 2 0
github.com/helton/shantilly/internal/components/textinput.go:133.2,133.19 1 1
github.com/helton/shantilly/internal/components/textinput.go:137.35,139.2 1 1
github.com/helton/shantilly/internal/components/textinput.go:142.37,144.2 1 1
github.com/helton/shantilly/internal/components/textinput.go:147.44,149.13 2 1
github.com/helton/shantilly/internal/components/textinput.go:149.13,151.3 1 1
github.com/helton/shantilly/internal/components/textinput.go:151.8,153.3 1 0
github.com/helton/shantilly/internal/components/textinput.go:157.36,161.50 2 1
github.com/helton/shantilly/internal/components/textinput.go:161.50,164.3 2 1
github.com/helton/shantilly/internal/components/textinput.go:167.2,167.17 1 1
github.com/helton/shantilly/internal/components/textinput.go:167.17,170.3 2 1
github.com/helton/shantilly/internal/components/textinput.go:173.2,173.49 1 1
github.com/helton/shantilly/internal/components/textinput.go:173.49,176.3 2 0
github.com/helton/shantilly/internal/components/textinput.go:179.2,179.49 1 1
github.com/helton/shantilly/internal/components/textinput.go:179.49,182.3 2 0
github.com/helton/shantilly/internal/components/textinput.go:185.2,185.55 1 1
github.com/helton/shantilly/internal/components/textinput.go:185.55,188.3 2 0
github.com/helton/shantilly/internal/components/textinput.go:190.2,191.13 2 1
github.com/helton/shantilly/internal/components/textinput.go:195.39,197.2 1 1
github.com/helton/shantilly/internal/components/textinput.go:200.42,202.2 1 0
github.com/helton/shantilly/internal/components/textinput.go:205.41,207.2 1 1
github.com/helton/shantilly/internal/components/textinput.go:210.55,212.9 2 1
github.com/helton/shantilly/internal/components/textinput.go:212.9,214.3 1 0
github.com/helton/shantilly/internal/components/textinput.go:216.2,217.12 2 1
github.com/helton/shantilly/internal/components/textinput.go:221.29,226.2 4 0
github.com/helton/shantilly/internal/components/textinput.go:229.43,231.2 1 0
github.com/helton/shantilly/internal/components/textlabel.go:20.88,21.33 1 1
github.com/helton/shantilly/internal/components/textlabel.go:21.33,23.3 1 0
github.com/helton/shantilly/internal/components/textlabel.go:25.2,26.38 2 1
github.com/helton/shantilly/internal/components/textlabel.go:26.38,27.49 1 0
github.com/helton/shantilly/internal/components/textlabel.go:27.49,29.4 1 0
github.com/helton/shantilly/internal/components/textlabel.go:32.2,36.8 1 1
github.com/helton/shantilly/internal/components/textlabel.go:40.36,42.2 1 0
github.com/helton/shantilly/internal/components/textlabel.go:45.62,48.2 1 0
github.com/helton/shantilly/internal/components/textlabel.go:51.35,53.2 1 0
github.com/helton/shantilly/internal/components/textlabel.go:56.35,58.2 1 0
github.com/helton/shantilly/internal/components/textlabel.go:61.37,63.2 1 1
github.com/helton/shantilly/internal/components/textlabel.go:66.45,68.2 0 0
github.com/helton/shantilly/internal/components/textlabel.go:71.36,73.2 1 0
github.com/helton/shantilly/internal/components/textlabel.go:76.39,78.2 1 0
github.com/helton/shantilly/internal/components/textlabel.go:81.43,83.2 0 0
github.com/helton/shantilly/internal/components/textlabel.go:86.41,88.2 1 0
github.com/helton/shantilly/internal/components/textlabel.go:91.55,93.9 2 0
github.com/helton/shantilly/internal/components/textlabel.go:93.9,95.3 1 0
github.com/helton/shantilly/internal/components/textlabel.go:97.2,98.12 2 0
github.com/helton/shantilly/internal/components/textlabel.go:102.30,104.2 0 0
github.com/helton/shantilly/internal/config/types.go:38.44,39.18 1 1
github.com/helton/shantilly/internal/config/types.go:39.18,41.3 1 1
github.com/helton/shantilly/internal/config/types.go:43.2,49.31 3 1
github.com/helton/shantilly/internal/config/types.go:49.31,50.18 1 1
github.com/helton/shantilly/internal/config/types.go:50.18,52.9 2 1
github.com/helton/shantilly/internal/config/types.go:56.2,56.12 1 1
github.com/helton/shantilly/internal/config/types.go:56.12,58.3 1 0
github.com/helton/shantilly/internal/config/types.go:60.2,60.12 1 1
github.com/helton/shantilly/internal/config/types.go:71.39,72.28 1 1
github.com/helton/shantilly/internal/config/types.go:72.28,74.3 1 1
github.com/helton/shantilly/internal/config/types.go:77.2,77.36 1 1
github.com/helton/shantilly/internal/config/types.go:77.36,78.41 1 1
github.com/helton/shantilly/internal/config/types.go:78.41,80.4 1 1
github.com/helton/shantilly/internal/config/types.go:84.2,85.36 2 1
github.com/helton/shantilly/internal/config/types.go:85.36,86.23 1 1
github.com/helton/shantilly/internal/config/types.go:86.23,88.4 1 0
github.com/helton/shantilly/internal/config/types.go:89.3,89.26 1 1
github.com/helton/shantilly/internal/config/types.go:92.2,92.12 1 1
github.com/helton/shantilly/internal/config/types.go:104.41,105.56 1 1
github.com/helton/shantilly/internal/config/types.go:105.56,107.3 1 1
github.com/helton/shantilly/internal/config/types.go:109.2,109.28 1 1
github.com/helton/shantilly/internal/config/types.go:109.28,111.3 1 0
github.com/helton/shantilly/internal/config/types.go:113.2,113.36 1 1
github.com/helton/shantilly/internal/config/types.go:113.36,114.41 1 1
github.com/helton/shantilly/internal/config/types.go:114.41,116.4 1 0
github.com/helton/shantilly/internal/config/types.go:119.2,119.12 1 1
github.com/helton/shantilly/internal/config/types.go:131.39,132.23 1 0
github.com/helton/shantilly/internal/config/types.go:132.23,134.3 1 0
github.com/helton/shantilly/internal/config/types.go:135.2,135.12 1 0
github.com/helton/shantilly/internal/config/types.go:152.39,153.22 1 0
github.com/helton/shantilly/internal/config/types.go:153.22,155.3 1 0
github.com/helton/shantilly/internal/config/types.go:157.2,157.29 1 0
github.com/helton/shantilly/internal/config/types.go:157.29,158.21 1 0
github.com/helton/shantilly/internal/config/types.go:158.21,160.4 1 0
github.com/helton/shantilly/internal/config/types.go:161.3,161.22 1 0
github.com/helton/shantilly/internal/config/types.go:161.22,163.4 1 0
github.com/helton/shantilly/internal/config/types.go:165.3,165.39 1 0
github.com/helton/shantilly/internal/config/types.go:165.39,166.42 1 0
github.com/helton/shantilly/internal/config/types.go:166.42,168.5 1 0
github.com/helton/shantilly/internal/config/types.go:172.2,172.12 1 0
github.com/helton/shantilly/internal/config/types.go:177.59,179.16 2 0
github.com/helton/shantilly/internal/config/types.go:179.16,181.3 1 0
github.com/helton/shantilly/internal/config/types.go:183.2,184.54 2 0
github.com/helton/shantilly/internal/config/types.go:184.54,186.3 1 0
github.com/helton/shantilly/internal/config/types.go:188.2,188.42 1 0
github.com/helton/shantilly/internal/config/types.go:188.42,190.3 1 0
github.com/helton/shantilly/internal/config/types.go:192.2,192.21 1 0
github.com/helton/shantilly/internal/config/types.go:196.63,198.16 2 0
github.com/helton/shantilly/internal/config/types.go:198.16,200.3 1 0
github.com/helton/shantilly/internal/config/types.go:202.2,203.54 2 0
github.com/helton/shantilly/internal/config/types.go:203.54,205.3 1 0
github.com/helton/shantilly/internal/config/types.go:207.2,207.42 1 0
github.com/helton/shantilly/internal/config/types.go:207.42,209.3 1 0
github.com/helton/shantilly/internal/config/types.go:211.2,211.21 1 0
github.com/helton/shantilly/internal/config/types.go:215.59,217.16 2 0
github.com/helton/shantilly/internal/config/types.go:217.16,219.3 1 0
github.com/helton/shantilly/internal/config/types.go:221.2,222.54 2 0
github.com/helton/shantilly/internal/config/types.go:222.54,224.3 1 0
github.com/helton/shantilly/internal/config/types.go:226.2,226.42 1 0
github.com/helton/shantilly/internal/config/types.go:226.42,228.3 1 0
github.com/helton/shantilly/internal/config/types.go:230.2,230.21 1 0
github.com/helton/shantilly/internal/config/types.go:234.59,236.16 2 0
github.com/helton/shantilly/internal/config/types.go:236.16,238.3 1 0
github.com/helton/shantilly/internal/config/types.go:240.2,241.54 2 0
github.com/helton/shantilly/internal/config/types.go:241.54,243.3 1 0
github.com/helton/shantilly/internal/config/types.go:245.2,245.42 1 0
github.com/helton/shantilly/internal/config/types.go:245.42,247.3 1 0
github.com/helton/shantilly/internal/config/types.go:249.2,249.21 1 0
github.com/helton/shantilly/internal/models/form.go:29.84,30.39 1 1
github.com/helton/shantilly/internal/models/form.go:30.39,32.3 1 1
github.com/helton/shantilly/internal/models/form.go:35.2,36.16 2 1
github.com/helton/shantilly/internal/models/form.go:36.16,38.3 1 0
github.com/helton/shantilly/internal/models/form.go:41.2,42.29 2 1
github.com/helton/shantilly/internal/models/form.go:42.29,43.22 1 1
github.com/helton/shantilly/internal/models/form.go:43.22,45.9 2 1
github.com/helton/shantilly/internal/models/form.go:49.2,60.21 2 1
github.com/helton/shantilly/internal/models/form.go:60.21,62.3 1 1
github.com/helton/shantilly/internal/models/form.go:64.2,64.15 1 1
github.com/helton/shantilly/internal/models/form.go:68.36,70.2 1 1
github.com/helton/shantilly/internal/models/form.go:73.62,74.27 1 0
github.com/helton/shantilly/internal/models/form.go:75.25,79.31 3 0
github.com/helton/shantilly/internal/models/form.go:79.31,81.4 1 0
github.com/helton/shantilly/internal/models/form.go:82.3,82.16 1 0
github.com/helton/shantilly/internal/models/form.go:84.18,85.23 1 0
github.com/helton/shantilly/internal/models/form.go:86.24,88.22 2 0
github.com/helton/shantilly/internal/models/form.go:90.14,92.17 2 0
github.com/helton/shantilly/internal/models/form.go:94.20,96.17 2 0
github.com/helton/shantilly/internal/models/form.go:98.16,100.21 1 0
github.com/helton/shantilly/internal/models/form.go:100.21,103.5 2 0
github.com/helton/shantilly/internal/models/form.go:105.4,106.17 2 0
github.com/helton/shantilly/internal/models/form.go:111.2,111.59 1 0
github.com/helton/shantilly/internal/models/form.go:111.59,116.3 4 0
github.com/helton/shantilly/internal/models/form.go:118.2,118.15 1 0
github.com/helton/shantilly/internal/models/form.go:122.35,123.16 1 1
github.com/helton/shantilly/internal/models/form.go:123.16,125.3 1 0
github.com/helton/shantilly/internal/models/form.go:127.2,130.19 2 1
github.com/helton/shantilly/internal/models/form.go:130.19,132.3 1 1
github.com/helton/shantilly/internal/models/form.go:135.2,135.25 1 1
github.com/helton/shantilly/internal/models/form.go:135.25,137.3 1 0
github.com/helton/shantilly/internal/models/form.go:140.2,140.36 1 1
github.com/helton/shantilly/internal/models/form.go:140.36,144.43 2 1
github.com/helton/shantilly/internal/models/form.go:144.43,146.4 1 1
github.com/helton/shantilly/internal/models/form.go:146.9,148.4 1 0
github.com/helton/shantilly/internal/models/form.go:150.3,150.36 1 1
github.com/helton/shantilly/internal/models/form.go:154.2,154.19 1 1
github.com/helton/shantilly/internal/models/form.go:154.19,156.3 1 1
github.com/helton/shantilly/internal/models/form.go:156.8,158.3 1 0
github.com/helton/shantilly/internal/models/form.go:161.2,164.58 2 1
github.com/helton/shantilly/internal/models/form.go:168.33,169.23 1 0
github.com/helton/shantilly/internal/models/form.go:169.23,171.3 1 0
github.com/helton/shantilly/internal/models/form.go:174.2,175.41 2 0
github.com/helton/shantilly/internal/models/form.go:175.41,177.35 2 0
github.com/helton/shantilly/internal/models/form.go:177.35,181.4 3 0
github.com/helton/shantilly/internal/models/form.go:186.33,187.23 1 0
github.com/helton/shantilly/internal/models/form.go:187.23,189.3 1 0
github.com/helton/shantilly/internal/models/form.go:192.2,193.15 2 0
github.com/helton/shantilly/internal/models/form.go:193.15,195.3 1 0
github.com/helton/shantilly/internal/models/form.go:197.2,197.41 1 0
github.com/helton/shantilly/internal/models/form.go:197.41,199.14 2 0
github.com/helton/shantilly/internal/models/form.go:199.14,201.4 1 0
github.com/helton/shantilly/internal/models/form.go:202.3,202.35 1 0
github.com/helton/shantilly/internal/models/form.go:202.35,206.4 3 0
github.com/helton/shantilly/internal/models/form.go:211.38,212.36 1 1
github.com/helton/shantilly/internal/models/form.go:212.36,213.22 1 1
github.com/helton/shantilly/internal/models/form.go:213.22,215.4 1 1
github.com/helton/shantilly/internal/models/form.go:217.2,217.13 1 1
github.com/helton/shantilly/internal/models/form.go:221.35,222.36 1 1
github.com/helton/shantilly/internal/models/form.go:222.36,224.3 1 1
github.com/helton/shantilly/internal/models/form.go:228.38,230.2 1 1
github.com/helton/shantilly/internal/models/form.go:234.46,237.36 2 1
github.com/helton/shantilly/internal/models/form.go:237.36,239.3 1 1
github.com/helton/shantilly/internal/models/form.go:241.2,242.16 2 1
github.com/helton/shantilly/internal/models/form.go:242.16,244.3 1 1
github.com/helton/shantilly/internal/models/form.go:246.2,246.22 1 1
github.com/helton/shantilly/internal/models/form.go:250.52,253.36 2 1
github.com/helton/shantilly/internal/models/form.go:253.36,255.3 1 1
github.com/helton/shantilly/internal/models/form.go:257.2,257.13 1 1
github.com/helton/shantilly/internal/models/layout.go:28.90,29.39 1 1
github.com/helton/shantilly/internal/models/layout.go:29.39,31.3 1 1
github.com/helton/shantilly/internal/models/layout.go:34.2,35.16 2 1
github.com/helton/shantilly/internal/models/layout.go:35.16,37.3 1 0
github.com/helton/shantilly/internal/models/layout.go:40.2,41.29 2 1
github.com/helton/shantilly/internal/models/layout.go:41.29,42.22 1 1
github.com/helton/shantilly/internal/models/layout.go:42.22,44.9 2 1
github.com/helton/shantilly/internal/models/layout.go:48.2,60.21 2 1
github.com/helton/shantilly/internal/models/layout.go:60.21,62.3 1 1
github.com/helton/shantilly/internal/models/layout.go:64.2,64.15 1 1
github.com/helton/shantilly/internal/models/layout.go:68.38,70.2 1 1
github.com/helton/shantilly/internal/models/layout.go:73.64,74.27 1 1
github.com/helton/shantilly/internal/models/layout.go:75.25,79.31 3 1
github.com/helton/shantilly/internal/models/layout.go:79.31,81.4 1 1
github.com/helton/shantilly/internal/models/layout.go:82.3,82.16 1 1
github.com/helton/shantilly/internal/models/layout.go:84.18,85.23 1 1
github.com/helton/shantilly/internal/models/layout.go:86.24,88.22 2 0
github.com/helton/shantilly/internal/models/layout.go:90.14,92.17 2 0
github.com/helton/shantilly/internal/models/layout.go:94.20,96.17 2 0
github.com/helton/shantilly/internal/models/layout.go:101.2,101.59 1 1
github.com/helton/shantilly/internal/models/layout.go:101.59,106.3 4 1
github.com/helton/shantilly/internal/models/layout.go:108.2,108.15 1 0
github.com/helton/shantilly/internal/models/layout.go:112.37,113.16 1 1
github.com/helton/shantilly/internal/models/layout.go:113.16,115.3 1 0
github.com/helton/shantilly/internal/models/layout.go:117.2,120.19 2 1
github.com/helton/shantilly/internal/models/layout.go:120.19,122.3 1 1
github.com/helton/shantilly/internal/models/layout.go:125.2,125.25 1 1
github.com/helton/shantilly/internal/models/layout.go:125.25,127.3 1 1
github.com/helton/shantilly/internal/models/layout.go:130.2,131.30 2 1
github.com/helton/shantilly/internal/models/layout.go:131.30,133.3 1 1
github.com/helton/shantilly/internal/models/layout.go:133.8,135.3 1 1
github.com/helton/shantilly/internal/models/layout.go:136.2,141.81 3 1
github.com/helton/shantilly/internal/models/layout.go:146.49,148.36 2 1
github.com/helton/shantilly/internal/models/layout.go:148.36,152.43 2 1
github.com/helton/shantilly/internal/models/layout.go:152.43,154.4 1 1
github.com/helton/shantilly/internal/models/layout.go:154.9,156.4 1 1
github.com/helton/shantilly/internal/models/layout.go:157.3,157.30 1 1
github.com/helton/shantilly/internal/models/layout.go:159.2,159.56 1 1
github.com/helton/shantilly/internal/models/layout.go:164.47,166.36 2 1
github.com/helton/shantilly/internal/models/layout.go:166.36,170.43 2 1
github.com/helton/shantilly/internal/models/layout.go:170.43,172.4 1 1
github.com/helton/shantilly/internal/models/layout.go:172.9,174.4 1 1
github.com/helton/shantilly/internal/models/layout.go:175.3,175.30 1 1
github.com/helton/shantilly/internal/models/layout.go:177.2,177.55 1 1
github.com/helton/shantilly/internal/models/layout.go:181.35,182.23 1 0
github.com/helton/shantilly/internal/models/layout.go:182.23,184.3 1 0
github.com/helton/shantilly/internal/models/layout.go:187.2,188.41 2 0
github.com/helton/shantilly/internal/models/layout.go:188.41,190.35 2 0
github.com/helton/shantilly/internal/models/layout.go:190.35,194.4 3 0
github.com/helton/shantilly/internal/models/layout.go:199.35,200.23 1 0
github.com/helton/shantilly/internal/models/layout.go:200.23,202.3 1 0
github.com/helton/shantilly/internal/models/layout.go:205.2,206.15 2 0
github.com/helton/shantilly/internal/models/layout.go:206.15,208.3 1 0
github.com/helton/shantilly/internal/models/layout.go:210.2,210.41 1 0
github.com/helton/shantilly/internal/models/layout.go:210.41,212.14 2 0
github.com/helton/shantilly/internal/models/layout.go:212.14,214.4 1 0
github.com/helton/shantilly/internal/models/layout.go:215.3,215.35 1 0
github.com/helton/shantilly/internal/models/layout.go:215.35,219.4 3 0
github.com/helton/shantilly/internal/styles/theme.go:74.28,181.2 23 1
